# JRE version: Java(TM) SE Runtime Environment (21.0.1+12) (build 21.0.1+12-LTS-29)
# Java VM: Java HotSpot(TM) 64-Bit Server VM (21.0.1+12-LTS-29, mixed mode, emulated-client, sharing, tiered, compressed oops, compressed class ptrs, g1 gc, windows-amd64)
GC Precious Log:
 CardTable entry size: 512
 Card Set container configuration: InlinePtr #cards 5 size 8 Array Of Cards #cards 12 size 40 Howl #buckets 4 coarsen threshold 1843 Howl Bitmap #cards 512 size 80 coarsen threshold 460 Card regions per heap region 1 cards per card region 2048
 CPUs: 4 total, 4 available
 Memory: 7911M
 Large Page Support: Disabled
 NUMA Support: Disabled
 Compressed Oops: Enabled (32-bit)
 Heap Region Size: 1M
 Heap Min Capacity: 8M
 Heap Initial Capacity: 124M
 Heap Max Capacity: 1978M
 Pre-touch: Disabled
 Parallel Workers: 4
 Concurrent Workers: 1
 Concurrent Refinement Workers: 4
 Periodic GC: Disabled
Heap:
 garbage-first heap   total 54272K, used 43623K [0x0000000084600000, 0x0000000100000000)
  region size 1024K, 25 young (25600K), 2 survivors (2048K)
 Metaspace       used 43770K, committed 44480K, reserved 1114112K
  class space    used 6165K, committed 6464K, reserved 1048576K
GC Heap History (20 events):
Event: 215.729 GC heap after
{Heap after GC invocations=11 (full 0):
 garbage-first heap   total 54272K, used 21905K [0x0000000084600000, 0x0000000100000000)
  region size 1024K, 2 young (2048K), 2 survivors (2048K)
 Metaspace       used 42712K, committed 43392K, reserved 1114112K
  class space    used 5986K, committed 6272K, reserved 1048576K
}
Event: 734.055 GC heap before
{Heap before GC invocations=11 (full 0):
 garbage-first heap   total 54272K, used 44433K [0x0000000084600000, 0x0000000100000000)
  region size 1024K, 25 young (25600K), 2 survivors (2048K)
 Metaspace       used 43570K, committed 44288K, reserved 1114112K
  class space    used 6123K, committed 6400K, reserved 1048576K
}
Event: 734.060 GC heap after
{Heap after GC invocations=12 (full 0):
 garbage-first heap   total 54272K, used 22417K [0x0000000084600000, 0x0000000100000000)
  region size 1024K, 2 young (2048K), 2 survivors (2048K)
 Metaspace       used 43570K, committed 44288K, reserved 1114112K
  class space    used 6123K, committed 6400K, reserved 1048576K
}
Event: 1356.423 GC heap before
{Heap before GC invocations=12 (full 0):
 garbage-first heap   total 54272K, used 45969K [0x0000000084600000, 0x0000000100000000)
  region size 1024K, 26 young (26624K), 2 survivors (2048K)
 Metaspace       used 43572K, committed 44288K, reserved 1114112K
  class space    used 6123K, committed 6400K, reserved 1048576K
}
Event: 1356.426 GC heap after
{Heap after GC invocations=13 (full 0):
 garbage-first heap   total 54272K, used 22383K [0x0000000084600000, 0x0000000100000000)
  region size 1024K, 2 young (2048K), 2 survivors (2048K)
 Metaspace       used 43572K, committed 44288K, reserved 1114112K
  class space    used 6123K, committed 6400K, reserved 1048576K
}
Event: 2014.592 GC heap before
{Heap before GC invocations=13 (full 0):
 garbage-first heap   total 54272K, used 45935K [0x0000000084600000, 0x0000000100000000)
  region size 1024K, 26 young (26624K), 2 survivors (2048K)
 Metaspace       used 43577K, committed 44288K, reserved 1114112K
  class space    used 6125K, committed 6400K, reserved 1048576K
}
Event: 2014.596 GC heap after
{Heap after GC invocations=14 (full 0):
 garbage-first heap   total 54272K, used 22166K [0x0000000084600000, 0x0000000100000000)
  region size 1024K, 2 young (2048K), 2 survivors (2048K)
 Metaspace       used 43577K, committed 44288K, reserved 1114112K
  class space    used 6125K, committed 6400K, reserved 1048576K
}
Event: 2674.629 GC heap before
{Heap before GC invocations=14 (full 0):
 garbage-first heap   total 54272K, used 45718K [0x0000000084600000, 0x0000000100000000)
  region size 1024K, 26 young (26624K), 2 survivors (2048K)
 Metaspace       used 43577K, committed 44288K, reserved 1114112K
  class space    used 6125K, committed 6400K, reserved 1048576K
}
Event: 2674.633 GC heap after
{Heap after GC invocations=15 (full 0):
 garbage-first heap   total 54272K, used 22142K [0x0000000084600000, 0x0000000100000000)
  region size 1024K, 2 young (2048K), 2 survivors (2048K)
 Metaspace       used 43577K, committed 44288K, reserved 1114112K
  class space    used 6125K, committed 6400K, reserved 1048576K
}
Event: 3214.688 GC heap before
{Heap before GC invocations=15 (full 0):
 garbage-first heap   total 54272K, used 45694K [0x0000000084600000, 0x0000000100000000)
  region size 1024K, 26 young (26624K), 2 survivors (2048K)
 Metaspace       used 43577K, committed 44288K, reserved 1114112K
  class space    used 6125K, committed 6400K, reserved 1048576K
}
Event: 3214.692 GC heap after
{Heap after GC invocations=16 (full 0):
 garbage-first heap   total 54272K, used 22189K [0x0000000084600000, 0x0000000100000000)
  region size 1024K, 2 young (2048K), 2 survivors (2048K)
 Metaspace       used 43577K, committed 44288K, reserved 1114112K
  class space    used 6125K, committed 6400K, reserved 1048576K
}
Event: 3824.745 GC heap before
{Heap before GC invocations=16 (full 0):
 garbage-first heap   total 54272K, used 45741K [0x0000000084600000, 0x0000000100000000)
  region size 1024K, 26 young (26624K), 2 survivors (2048K)
 Metaspace       used 43578K, committed 44288K, reserved 1114112K
  class space    used 6125K, committed 6400K, reserved 1048576K
}
Event: 3824.749 GC heap after
{Heap after GC invocations=17 (full 0):
 garbage-first heap   total 54272K, used 22533K [0x0000000084600000, 0x0000000100000000)
  region size 1024K, 2 young (2048K), 2 survivors (2048K)
 Metaspace       used 43578K, committed 44288K, reserved 1114112K
  class space    used 6125K, committed 6400K, reserved 1048576K
}
Event: 4474.815 GC heap before
{Heap before GC invocations=17 (full 0):
 garbage-first heap   total 54272K, used 46085K [0x0000000084600000, 0x0000000100000000)
  region size 1024K, 26 young (26624K), 2 survivors (2048K)
 Metaspace       used 43612K, committed 44416K, reserved 1114112K
  class space    used 6133K, committed 6464K, reserved 1048576K
}
Event: 4474.818 GC heap after
{Heap after GC invocations=18 (full 0):
 garbage-first heap   total 54272K, used 22096K [0x0000000084600000, 0x0000000100000000)
  region size 1024K, 2 young (2048K), 2 survivors (2048K)
 Metaspace       used 43612K, committed 44416K, reserved 1114112K
  class space    used 6133K, committed 6464K, reserved 1048576K
}
Event: 5203.647 GC heap before
{Heap before GC invocations=18 (full 0):
 garbage-first heap   total 54272K, used 46672K [0x0000000084600000, 0x0000000100000000)
  region size 1024K, 26 young (26624K), 2 survivors (2048K)
 Metaspace       used 43612K, committed 44416K, reserved 1114112K
  class space    used 6133K, committed 6464K, reserved 1048576K
}
Event: 5203.651 GC heap after
{Heap after GC invocations=19 (full 0):
 garbage-first heap   total 54272K, used 21971K [0x0000000084600000, 0x0000000100000000)
  region size 1024K, 2 young (2048K), 2 survivors (2048K)
 Metaspace       used 43612K, committed 44416K, reserved 1114112K
  class space    used 6133K, committed 6464K, reserved 1048576K
}
Event: 5804.945 GC heap before
{Heap before GC invocations=19 (full 0):
 garbage-first heap   total 54272K, used 45523K [0x0000000084600000, 0x0000000100000000)
  region size 1024K, 26 young (26624K), 2 survivors (2048K)
 Metaspace       used 43612K, committed 44416K, reserved 1114112K
  class space    used 6133K, committed 6464K, reserved 1048576K
}
Event: 5804.948 GC heap after
{Heap after GC invocations=20 (full 0):
 garbage-first heap   total 54272K, used 22119K [0x0000000084600000, 0x0000000100000000)
  region size 1024K, 2 young (2048K), 2 survivors (2048K)
 Metaspace       used 43612K, committed 44416K, reserved 1114112K
  class space    used 6133K, committed 6464K, reserved 1048576K
}
Event: 6425.247 GC heap before
{Heap before GC invocations=20 (full 0):
 garbage-first heap   total 54272K, used 43623K [0x0000000084600000, 0x0000000100000000)
  region size 1024K, 25 young (25600K), 2 survivors (2048K)
 Metaspace       used 43770K, committed 44480K, reserved 1114112K
  class space    used 6165K, committed 6464K, reserved 1048576K
}

